2014-06-26 15:26:59,595 - INFO - {'friends': []}
2014-06-30 09:03:19,093 - INFO - {'friends': []}
2014-06-30 09:03:55,199 - INFO - {'friends': []}
2014-06-30 10:01:30,965 - INFO - {'heartbeat_timeout': True, 'hangup': True}
2014-07-01 14:06:01,117 - INFO - {'friends': []}
2014-07-01 14:07:28,489 - INFO - {'geo': None, 'coordinates': None, 'favorite_count': 0, 'entities': {'user_mentions': [{'name': 'Culture Recommender', 'indices': [0, 8], 'screen_name': 'CultRec', 'id_str': '2561286402', 'id': 2561286402}], 'hashtags': [], 'symbols': [], 'urls': []}, 'in_reply_to_user_id': 2561286402, 'retweeted': False, 'contributors': None, 'retweet_count': 0, 'in_reply_to_user_id_str': '2561286402', 'in_reply_to_status_id_str': None, 'id_str': '483944976133652480', 'source': '<a href="http://twitter.com" rel="nofollow">Twitter Web Client</a>', 'in_reply_to_screen_name': 'CultRec', 'filter_level': 'medium', 'in_reply_to_status_id': None, 'lang': 'en', 'place': None, 'text': '@CultRec A fact about Munich ?', 'created_at': 'Tue Jul 01 12:07:28 +0000 2014', 'favorited': False, 'user': {'profile_text_color': '333333', 'screen_name': 'CultRecTest', 'is_translation_enabled': False, 'profile_background_image_url': 'http://abs.twimg.com/images/themes/theme1/bg.png', 'profile_link_color': '0084B4', 'profile_image_url_https': 'https://abs.twimg.com/sticky/default_profile_images/default_profile_2_normal.png', 'contributors_enabled': False, 'following': None, 'profile_use_background_image': True, 'follow_request_sent': None, 'profile_sidebar_fill_color': 'DDEEF6', 'name': 'Basti', 'utc_offset': 10800, 'protected': False, 'profile_image_url': 'http://abs.twimg.com/sticky/default_profile_images/default_profile_2_normal.png', 'location': '', 'notifications': None, 'time_zone': 'Athens', 'statuses_count': 43, 'description': None, 'favourites_count': 0, 'is_translator': False, 'url': None, 'geo_enabled': False, 'profile_background_tile': False, 'id_str': '2561327785', 'friends_count': 1, 'verified': False, 'followers_count': 0, 'listed_count': 0, 'profile_background_color': 'C0DEED', 'default_profile': True, 'default_profile_image': True, 'lang': 'en', 'created_at': 'Wed Jun 11 13:03:11 +0000 2014', 'profile_sidebar_border_color': 'C0DEED', 'profile_background_image_url_https': 'https://abs.twimg.com/images/themes/theme1/bg.png', 'id': 2561327785}, 'truncated': False, 'id': 483944976133652480}
2014-07-01 14:07:28,489 - DEBUG - ('SELECT t1.`id`, t1.`username`, t1.`twitterId`, t1.`userStatus`, t1.`created`, t1.`updated` FROM `user` AS t1 WHERE (t1.`twitterId` = %s) LIMIT 1', ['2561327785'])
2014-07-01 14:07:28,512 - DEBUG - ('INSERT INTO `usertweet` (`user_id`, `twitterId`, `tweet`, `created`, `updated`, `status`, `rawInput`) VALUES (%s, %s, %s, %s, %s, %s, %s)', [2, '483944976133652480', '@CultRec A fact about Munich ?', datetime.datetime(2014, 7, 1, 14, 7, 28, 512484), datetime.datetime(2014, 7, 1, 14, 7, 28, 512503), 'new', '{\'geo\': None, \'coordinates\': None, \'favorite_count\': 0, \'entities\': {\'user_mentions\': [{\'name\': \'Culture Recommender\', \'indices\': [0, 8], \'screen_name\': \'CultRec\', \'id_str\': \'2561286402\', \'id\': 2561286402}], \'hashtags\': [], \'symbols\': [], \'urls\': []}, \'in_reply_to_user_id\': 2561286402, \'retweeted\': False, \'contributors\': None, \'retweet_count\': 0, \'in_reply_to_user_id_str\': \'2561286402\', \'in_reply_to_status_id_str\': None, \'id_str\': \'483944976133652480\', \'source\': \'<a href="http://twitter.com" rel="nofollow">Twitter Web Client</a>\', \'in_reply_to_screen_name\': \'CultRec\', \'filter_level\': \'medium\', \'in_reply_to_status_id\': None, \'lang\': \'en\', \'place\': None, \'text\': \'@CultRec A fact about Munich ?\', \'created_at\': \'Tue Jul 01 12:07:28 +0000 2014\', \'favorited\': False, \'user\': {\'profile_text_color\': \'333333\', \'screen_name\': \'CultRecTest\', \'is_translation_enabled\': False, \'profile_background_image_url\': \'http://abs.twimg.com/images/themes/theme1/bg.png\', \'profile_link_color\': \'0084B4\', \'profile_image_url_https\': \'https://abs.twimg.com/sticky/default_profile_images/default_profile_2_normal.png\', \'contributors_enabled\': False, \'following\': None, \'profile_use_background_image\': True, \'follow_request_sent\': None, \'profile_sidebar_fill_color\': \'DDEEF6\', \'name\': \'Basti\', \'utc_offset\': 10800, \'protected\': False, \'profile_image_url\': \'http://abs.twimg.com/sticky/default_profile_images/default_profile_2_normal.png\', \'location\': \'\', \'notifications\': None, \'time_zone\': \'Athens\', \'statuses_count\': 43, \'description\': None, \'favourites_count\': 0, \'is_translator\': False, \'url\': None, \'geo_enabled\': False, \'profile_background_tile\': False, \'id_str\': \'2561327785\', \'friends_count\': 1, \'verified\': False, \'followers_count\': 0, \'listed_count\': 0, \'profile_background_color\': \'C0DEED\', \'default_profile\': True, \'default_profile_image\': True, \'lang\': \'en\', \'created_at\': \'Wed Jun 11 13:03:11 +0000 2014\', \'profile_sidebar_border_color\': \'C0DEED\', \'profile_background_image_url_https\': \'https://abs.twimg.com/images/themes/theme1/bg.png\', \'id\': 2561327785}, \'truncated\': False, \'id\': 483944976133652480}'])
2014-07-01 14:07:28,527 - DEBUG - ('SELECT t1.`id`, t1.`user_id`, t1.`twitterId`, t1.`tweet`, t1.`created`, t1.`updated`, t1.`status`, t1.`rawInput` FROM `usertweet` AS t1 WHERE (t1.`status` = %s)', ['new'])
2014-07-01 14:07:28,529 - DEBUG - ('UPDATE `usertweet` SET `user_id` = %s, `twitterId` = %s, `tweet` = %s, `created` = %s, `updated` = %s, `status` = %s, `rawInput` = %s WHERE (`id` = %s)', [2, '483944976133652480', '@CultRec A fact about Munich ?', datetime.datetime(2014, 7, 1, 14, 7, 28), datetime.datetime(2014, 7, 1, 14, 7, 28, 528901), 'requested', '{\'geo\': None, \'coordinates\': None, \'favorite_count\': 0, \'entities\': {\'user_mentions\': [{\'name\': \'Culture Recommender\', \'indices\': [0, 8], \'screen_name\': \'CultRec\', \'id_str\': \'2561286402\', \'id\': 2561286402}], \'hashtags\': [], \'symbols\': [], \'urls\': []}, \'in_reply_to_user_id\': 2561286402, \'retweeted\': False, \'contributors\': None, \'retweet_count\': 0, \'in_reply_to_user_id_str\': \'2561286402\', \'in_reply_to_status_id_str\': None, \'id_str\': \'483944976133652480\', \'source\': \'<a href="http://twitter.com" rel="nofollow">Twitter Web Client</a>\', \'in_reply_to_screen_name\': \'CultRec\', \'filter_level\': \'medium\', \'in_reply_to_status_id\': None, \'lang\': \'en\', \'place\': None, \'text\': \'@CultRec A fact about Munich ?\', \'created_at\': \'Tue Jul 01 12:07:28 +0000 2014\', \'favorited\': False, \'user\': {\'profile_text_color\': \'333333\', \'screen_name\': \'CultRecTest\', \'is_translation_enabled\': False, \'profile_background_image_url\': \'http://abs.twimg.com/images/themes/theme1/bg.png\', \'profile_link_color\': \'0084B4\', \'profile_image_url_https\': \'https://abs.twimg.com/sticky/default_profile_images/default_profile_2_normal.png\', \'contributors_enabled\': False, \'following\': None, \'profile_use_background_image\': True, \'follow_request_sent\': None, \'profile_sidebar_fill_color\': \'DDEEF6\', \'name\': \'Basti\', \'utc_offset\': 10800, \'protected\': False, \'profile_image_url\': \'http://abs.twimg.com/sticky/default_profile_images/default_profile_2_normal.png\', \'location\': \'\', \'notifications\': None, \'time_zone\': \'Athens\', \'statuses_count\': 43, \'description\': None, \'favourites_count\': 0, \'is_translator\': False, \'url\': None, \'geo_enabled\': False, \'profile_background_tile\': False, \'id_str\': \'2561327785\', \'friends_count\': 1, \'verified\': False, \'followers_count\': 0, \'listed_count\': 0, \'profile_background_color\': \'C0DEED\', \'default_profile\': True, \'default_profile_image\': True, \'lang\': \'en\', \'created_at\': \'Wed Jun 11 13:03:11 +0000 2014\', \'profile_sidebar_border_color\': \'C0DEED\', \'profile_background_image_url_https\': \'https://abs.twimg.com/images/themes/theme1/bg.png\', \'id\': 2561327785}, \'truncated\': False, \'id\': 483944976133652480}', 43])
2014-07-01 14:07:28,552 - INFO - Starting new HTTP connection (1): eexcess-dev.joanneum.at
2014-07-01 14:07:34,007 - DEBUG - "POST /eexcess-privacy-proxy/api/v1/recommend HTTP/1.1" 200 None
2014-07-01 14:07:34,061 - DEBUG - ('SELECT t1.`id`, t1.`username`, t1.`twitterId`, t1.`userStatus`, t1.`created`, t1.`updated` FROM `user` AS t1 WHERE (t1.`id` = %s) LIMIT 1', [2])
2014-07-01 14:07:34,062 - DEBUG - ('INSERT INTO `recommendation` (`userTweet_id`, `created`, `updated`, `status`, `fullRecommendation`, `text`) VALUES (%s, %s, %s, %s, %s, %s)', [43, datetime.datetime(2014, 7, 1, 14, 7, 34, 62448), datetime.datetime(2014, 7, 1, 14, 7, 34, 62454), 'new', '{\'results\': [{\'uri\': \'http://www.econbiz.de/Record/10010323038\', \'facets\': {\'language\': \'de\', \'provider\': \'ZBW\', \'year\': \'2013\'}, \'title\': \'Dimensions of macroeconomic uncertainty: A common factor analysis\', \'id\': \'10010323038\'}, {\'uri\': \'http://europeana.eu/resolve/record/2022043/10891_osa_a7b51a6a_4ff4_41ed_b16d_63d8b7f3dfcd\', \'previewImage\': \'http://europeanastatic.eu/api/image?uri=http%3A%2F%2Fhdl.handle.net%2F10891%2Fosa%3Aa7b51a6a-4ff4-41ed-b16d-63d8b7f3dfcd_l&size=LARGE&type=TEXT\', \'facets\': {\'language\': \'hu\', \'provider\': \'Europeana\'}, \'title\': \'The Results of Communist Education: A Few Facts Observed in Slovakia\', \'id\': \'/2022043/10891_osa_a7b51a6a_4ff4_41ed_b16d_63d8b7f3dfcd\'}, {\'uri\': \'http://europeana.eu/resolve/record/2022301/8F04E066BA0588A75805DBEFCF7B30103F49E928\', \'previewImage\': \'http://europeanastatic.eu/api/image?uri=http%3A%2F%2Fwww.culturegrid.org.uk%2Fdpp%2Fresource%2F2934901%2Fstream%2Fthumbnail_image_jpeg&size=LARGE&type=IMAGE\', \'facets\': {\'language\': \'en\', \'provider\': \'Europeana\'}, \'title\': \'La Danseuse: A Study of the Nude c.1891\', \'id\': \'/2022301/8F04E066BA0588A75805DBEFCF7B30103F49E928\'}, {\'uri\': \'http://www.econbiz.de/Record/10009480947\', \'facets\': {\'language\': \'de\', \'provider\': \'ZBW\', \'year\': \'2011-09-12\'}, \'title\': \'Increasing the efficiency of multi-hub airline networks by means of flexible time-range tickets - An analysis of passenger acceptance, revenue potentials and implications on network design\', \'id\': \'10009480947\'}, {\'uri\': \'http://europeana.eu/resolve/record/2022062/10891_osa_4e94d3a1_493d_4bb9_850a_da9d21eafc96\', \'previewImage\': \'http://europeanastatic.eu/api/image?uri=http%3A%2F%2Fhdl.handle.net%2F10891%2Fosa%3A4e94d3a1-493d-4bb9-850a-da9d21eafc96_l&size=LARGE&type=TEXT\', \'facets\': {\'language\': \'hu\', \'provider\': \'Europeana\'}, \'title\': \'Essential Facts of Lebanese Crisis Strains of Conflict in a Complex Setting\', \'id\': \'/2022062/10891_osa_4e94d3a1_493d_4bb9_850a_da9d21eafc96\'}, {\'uri\': \'http://europeana.eu/resolve/record/2022043/10891_osa_9b277e2e_e071_46df_994c_fa6082673be0\', \'previewImage\': \'http://europeanastatic.eu/api/image?uri=http%3A%2F%2Fhdl.handle.net%2F10891%2Fosa%3A9b277e2e-e071-46df-994c-fa6082673be0_l&size=LARGE&type=TEXT\', \'facets\': {\'language\': \'hu\', \'provider\': \'Europeana\'}, \'title\': \'What party Meetings Are in Fact\', \'id\': \'/2022043/10891_osa_9b277e2e_e071_46df_994c_fa6082673be0\'}, {\'uri\': \'http://europeana.eu/resolve/record/2022062/10891_osa_6a06a0f3_e58a_4013_9bf1_e9907b4c35e8\', \'previewImage\': \'http://europeanastatic.eu/api/image?uri=http%3A%2F%2Fhdl.handle.net%2F10891%2Fosa%3A6a06a0f3-e58a-4013-9bf1-e9907b4c35e8_l&size=LARGE&type=TEXT\', \'facets\': {\'language\': \'hu\', \'provider\': \'Europeana\'}, \'title\': \'Yugoslav Party Weekly Accusing Zhivkov of Perverting Facts\', \'id\': \'/2022062/10891_osa_6a06a0f3_e58a_4013_9bf1_e9907b4c35e8\'}, {\'uri\': \'http://www.econbiz.de/Record/10009528901\', \'facets\': {\'language\': \'de\', \'provider\': \'ZBW\', \'year\': \'2012\'}, \'title\': \'Banking crisis, output loss, and fiscal policy\', \'id\': \'10009528901\'}, {\'uri\': \'http://europeana.eu/resolve/record/2022062/10891_osa_164467c8_8722_4460_97f5_e7cdb0d19fb6\', \'previewImage\': \'http://europeanastatic.eu/api/image?uri=http%3A%2F%2Fhdl.handle.net%2F10891%2Fosa%3A164467c8-8722-4460-97f5-e7cdb0d19fb6_l&size=LARGE&type=TEXT\', \'facets\': {\'language\': \'hu\', \'provider\': \'Europeana\'}, \'title\': "Tanase\'s Reappearance - Facts, Findings, and Hypotheses", \'id\': \'/2022062/10891_osa_164467c8_8722_4460_97f5_e7cdb0d19fb6\'}, {\'uri\': \'http://europeana.eu/resolve/record/2022062/10891_osa_326bec90_617e_4e16_bee7_16a16948b39e\', \'previewImage\': \'http://europeanastatic.eu/api/image?uri=http%3A%2F%2Fhdl.handle.net%2F10891%2Fosa%3A326bec90-617e-4e16-bee7-16a16948b39e_l&size=LARGE&type=TEXT\', \'facets\': {\'language\': \'hu\', \'provider\': \'Europeana\'}, \'title\': \'Soviet Bloc Falsifies Historical Facts, Says Yugoslav Paper\', \'id\': \'/2022062/10891_osa_326bec90_617e_4e16_bee7_16a16948b39e\'}, {\'uri\': \'http://www.econbiz.de/Record/10009528932\', \'facets\': {\'language\': \'de\', \'provider\': \'ZBW\', \'year\': \'2012\'}, \'title\': \'The economic benefit of educational reform in the European Union\', \'id\': \'10009528932\'}, {\'uri\': \'http://www.econbiz.de/Record/10010312153\', \'facets\': {\'language\': \'de\', \'provider\': \'ZBW\', \'year\': \'2010\'}, \'title\': \'Working or stay-at-home mum? The influence of family benefits and religiosity\', \'id\': \'10010312153\'}, {\'uri\': \'http://www.econbiz.de/Record/10010312082\', \'facets\': {\'language\': \'de\', \'provider\': \'ZBW\', \'year\': \'2011\'}, \'title\': \'Policy Persistence and Rent Extraction\', \'id\': \'10010312082\'}, {\'uri\': \'http://europeana.eu/resolve/record/2022062/10891_osa_e593d9ae_a6db_4d3d_ae51_9ed0ea0285a8\', \'previewImage\': \'http://europeanastatic.eu/api/image?uri=http%3A%2F%2Fhdl.handle.net%2F10891%2Fosa%3Ae593d9ae-a6db-4d3d-ae51-9ed0ea0285a8_l&size=LARGE&type=TEXT\', \'facets\': {\'language\': \'hu\', \'provider\': \'Europeana\'}, \'title\': \'Tito and Mihajlov - Facts are Merciless\', \'id\': \'/2022062/10891_osa_e593d9ae_a6db_4d3d_ae51_9ed0ea0285a8\'}, {\'uri\': \'http://europeana.eu/resolve/record/2022062/10891_osa_894b32cb_7dde_4dca_aadb_f85df7cc51ba\', \'previewImage\': \'http://europeanastatic.eu/api/image?uri=http%3A%2F%2Fhdl.handle.net%2F10891%2Fosa%3A894b32cb-7dde-4dca-aadb-f85df7cc51ba_l&size=LARGE&type=TEXT\', \'facets\': {\'language\': \'hu\', \'provider\': \'Europeana\'}, \'title\': \'Steel Facts\', \'id\': \'/2022062/10891_osa_894b32cb_7dde_4dca_aadb_f85df7cc51ba\'}, {\'uri\': \'http://europeana.eu/resolve/record/2022062/10891_osa_1a5f8469_8a42_4e94_b34b_8136b44850fe\', \'previewImage\': \'http://europeanastatic.eu/api/image?uri=http%3A%2F%2Fhdl.handle.net%2F10891%2Fosa%3A1a5f8469-8a42-4e94-b34b-8136b44850fe_l&size=LARGE&type=TEXT\', \'facets\': {\'language\': \'hu\', \'provider\': \'Europeana\'}, \'title\': \'Balkan Pact - A Few Facts\', \'id\': \'/2022062/10891_osa_1a5f8469_8a42_4e94_b34b_8136b44850fe\'}, {\'uri\': \'http://www.econbiz.de/Record/10009793384\', \'facets\': {\'language\': \'de\', \'provider\': \'ZBW\', \'year\': \'2013\'}, \'title\': \'Measuring institutional competitiveness in Europe\', \'id\': \'10009793384\'}, {\'uri\': \'http://www.econbiz.de/Record/10002593247\', \'facets\': {\'language\': \'de\', \'provider\': \'ZBW\', \'year\': \'2005\'}, \'title\': \'Sustainability of Portuguese fiscal policy in historical perspective : paper presented at the 2004 CESifo-LBI Conference on Sustainability of Public Debt, October 22-23 2004, Munich\', \'id\': \'10002593247\'}, {\'uri\': \'http://europeana.eu/resolve/record/2022062/10891_osa_26efce96_205d_492d_9a15_5d5659caf02d\', \'previewImage\': \'http://europeanastatic.eu/api/image?uri=http%3A%2F%2Fhdl.handle.net%2F10891%2Fosa%3A26efce96-205d-492d-9a15-5d5659caf02d_l&size=LARGE&type=TEXT\', \'facets\': {\'language\': \'hu\', \'provider\': \'Europeana\'}, \'title\': \'Yugoslavs Remind Bulgarians of Some Hard Facts of World War Two\', \'id\': \'/2022062/10891_osa_26efce96_205d_492d_9a15_5d5659caf02d\'}, {\'uri\': \'http://www.econbiz.de/Record/10010312134\', \'facets\': {\'language\': \'de\', \'provider\': \'ZBW\', \'year\': \'2011\'}, \'title\': \'Broadband Internet and Political Participation - Evidence for Germany\', \'id\': \'10010312134\'}, {\'uri\': \'http://www.econbiz.de/Record/10009623173\', \'facets\': {\'language\': \'de\', \'provider\': \'ZBW\', \'year\': \'2012\'}, \'title\': \'The response of child nutrition to changes in income : linking biology with economics\', \'id\': \'10009623173\'}, {\'uri\': \'http://europeana.eu/resolve/record/2022062/10891_osa_32ce276d_e312_4ef3_8c5c_29d486df62ae\', \'previewImage\': \'http://europeanastatic.eu/api/image?uri=http%3A%2F%2Fhdl.handle.net%2F10891%2Fosa%3A32ce276d-e312-4ef3-8c5c-29d486df62ae_l&size=LARGE&type=TEXT\', \'facets\': {\'language\': \'hu\', \'provider\': \'Europeana\'}, \'title\': \'Shelepin - Rumours Versus Facts\', \'id\': \'/2022062/10891_osa_32ce276d_e312_4ef3_8c5c_29d486df62ae\'}], \'provider\': \'Federated\', \'totalResults\': \'22\'}', '@CultRecTest Look: http://www.econbiz.de/Record/10010323038 Dimensions of macroeconomic uncertainty: A common factor analysis'])
2014-07-01 14:07:34,070 - DEBUG - ('UPDATE `usertweet` SET `user_id` = %s, `twitterId` = %s, `tweet` = %s, `created` = %s, `updated` = %s, `status` = %s, `rawInput` = %s WHERE (`id` = %s)', [2, '483944976133652480', '@CultRec A fact about Munich ?', datetime.datetime(2014, 7, 1, 14, 7, 28), datetime.datetime(2014, 7, 1, 14, 7, 34, 70013), 'done', '{\'geo\': None, \'coordinates\': None, \'favorite_count\': 0, \'entities\': {\'user_mentions\': [{\'name\': \'Culture Recommender\', \'indices\': [0, 8], \'screen_name\': \'CultRec\', \'id_str\': \'2561286402\', \'id\': 2561286402}], \'hashtags\': [], \'symbols\': [], \'urls\': []}, \'in_reply_to_user_id\': 2561286402, \'retweeted\': False, \'contributors\': None, \'retweet_count\': 0, \'in_reply_to_user_id_str\': \'2561286402\', \'in_reply_to_status_id_str\': None, \'id_str\': \'483944976133652480\', \'source\': \'<a href="http://twitter.com" rel="nofollow">Twitter Web Client</a>\', \'in_reply_to_screen_name\': \'CultRec\', \'filter_level\': \'medium\', \'in_reply_to_status_id\': None, \'lang\': \'en\', \'place\': None, \'text\': \'@CultRec A fact about Munich ?\', \'created_at\': \'Tue Jul 01 12:07:28 +0000 2014\', \'favorited\': False, \'user\': {\'profile_text_color\': \'333333\', \'screen_name\': \'CultRecTest\', \'is_translation_enabled\': False, \'profile_background_image_url\': \'http://abs.twimg.com/images/themes/theme1/bg.png\', \'profile_link_color\': \'0084B4\', \'profile_image_url_https\': \'https://abs.twimg.com/sticky/default_profile_images/default_profile_2_normal.png\', \'contributors_enabled\': False, \'following\': None, \'profile_use_background_image\': True, \'follow_request_sent\': None, \'profile_sidebar_fill_color\': \'DDEEF6\', \'name\': \'Basti\', \'utc_offset\': 10800, \'protected\': False, \'profile_image_url\': \'http://abs.twimg.com/sticky/default_profile_images/default_profile_2_normal.png\', \'location\': \'\', \'notifications\': None, \'time_zone\': \'Athens\', \'statuses_count\': 43, \'description\': None, \'favourites_count\': 0, \'is_translator\': False, \'url\': None, \'geo_enabled\': False, \'profile_background_tile\': False, \'id_str\': \'2561327785\', \'friends_count\': 1, \'verified\': False, \'followers_count\': 0, \'listed_count\': 0, \'profile_background_color\': \'C0DEED\', \'default_profile\': True, \'default_profile_image\': True, \'lang\': \'en\', \'created_at\': \'Wed Jun 11 13:03:11 +0000 2014\', \'profile_sidebar_border_color\': \'C0DEED\', \'profile_background_image_url_https\': \'https://abs.twimg.com/images/themes/theme1/bg.png\', \'id\': 2561327785}, \'truncated\': False, \'id\': 483944976133652480}', 43])
2014-07-01 14:07:34,072 - DEBUG - ('SELECT t1.`id`, t1.`userTweet_id`, t1.`selectedId`, t1.`created`, t1.`updated`, t1.`status`, t1.`fullRecommendation`, t1.`text` FROM `recommendation` AS t1 WHERE (t1.`status` = %s)', ['new'])
2014-07-01 14:07:34,084 - DEBUG - ('SELECT t1.`id`, t1.`user_id`, t1.`twitterId`, t1.`tweet`, t1.`created`, t1.`updated`, t1.`status`, t1.`rawInput` FROM `usertweet` AS t1 WHERE (t1.`id` = %s) LIMIT 1', [43])
2014-07-01 14:07:34,745 - DEBUG - ('UPDATE `recommendation` SET `userTweet_id` = %s, `selectedId` = %s, `created` = %s, `updated` = %s, `status` = %s, `fullRecommendation` = %s, `text` = %s WHERE (`id` = %s)', [43, '', datetime.datetime(2014, 7, 1, 14, 7, 34), datetime.datetime(2014, 7, 1, 14, 7, 34, 744665), 'done', '{\'results\': [{\'uri\': \'http://www.econbiz.de/Record/10010323038\', \'facets\': {\'language\': \'de\', \'provider\': \'ZBW\', \'year\': \'2013\'}, \'title\': \'Dimensions of macroeconomic uncertainty: A common factor analysis\', \'id\': \'10010323038\'}, {\'uri\': \'http://europeana.eu/resolve/record/2022043/10891_osa_a7b51a6a_4ff4_41ed_b16d_63d8b7f3dfcd\', \'previewImage\': \'http://europeanastatic.eu/api/image?uri=http%3A%2F%2Fhdl.handle.net%2F10891%2Fosa%3Aa7b51a6a-4ff4-41ed-b16d-63d8b7f3dfcd_l&size=LARGE&type=TEXT\', \'facets\': {\'language\': \'hu\', \'provider\': \'Europeana\'}, \'title\': \'The Results of Communist Education: A Few Facts Observed in Slovakia\', \'id\': \'/2022043/10891_osa_a7b51a6a_4ff4_41ed_b16d_63d8b7f3dfcd\'}, {\'uri\': \'http://europeana.eu/resolve/record/2022301/8F04E066BA0588A75805DBEFCF7B30103F49E928\', \'previewImage\': \'http://europeanastatic.eu/api/image?uri=http%3A%2F%2Fwww.culturegrid.org.uk%2Fdpp%2Fresource%2F2934901%2Fstream%2Fthumbnail_image_jpeg&size=LARGE&type=IMAGE\', \'facets\': {\'language\': \'en\', \'provider\': \'Europeana\'}, \'title\': \'La Danseuse: A Study of the Nude c.1891\', \'id\': \'/2022301/8F04E066BA0588A75805DBEFCF7B30103F49E928\'}, {\'uri\': \'http://www.econbiz.de/Record/10009480947\', \'facets\': {\'language\': \'de\', \'provider\': \'ZBW\', \'year\': \'2011-09-12\'}, \'title\': \'Increasing the efficiency of multi-hub airline networks by means of flexible time-range tickets - An analysis of passenger acceptance, revenue potentials and implications on network design\', \'id\': \'10009480947\'}, {\'uri\': \'http://europeana.eu/resolve/record/2022062/10891_osa_4e94d3a1_493d_4bb9_850a_da9d21eafc96\', \'previewImage\': \'http://europeanastatic.eu/api/image?uri=http%3A%2F%2Fhdl.handle.net%2F10891%2Fosa%3A4e94d3a1-493d-4bb9-850a-da9d21eafc96_l&size=LARGE&type=TEXT\', \'facets\': {\'language\': \'hu\', \'provider\': \'Europeana\'}, \'title\': \'Essential Facts of Lebanese Crisis Strains of Conflict in a Complex Setting\', \'id\': \'/2022062/10891_osa_4e94d3a1_493d_4bb9_850a_da9d21eafc96\'}, {\'uri\': \'http://europeana.eu/resolve/record/2022043/10891_osa_9b277e2e_e071_46df_994c_fa6082673be0\', \'previewImage\': \'http://europeanastatic.eu/api/image?uri=http%3A%2F%2Fhdl.handle.net%2F10891%2Fosa%3A9b277e2e-e071-46df-994c-fa6082673be0_l&size=LARGE&type=TEXT\', \'facets\': {\'language\': \'hu\', \'provider\': \'Europeana\'}, \'title\': \'What party Meetings Are in Fact\', \'id\': \'/2022043/10891_osa_9b277e2e_e071_46df_994c_fa6082673be0\'}, {\'uri\': \'http://europeana.eu/resolve/record/2022062/10891_osa_6a06a0f3_e58a_4013_9bf1_e9907b4c35e8\', \'previewImage\': \'http://europeanastatic.eu/api/image?uri=http%3A%2F%2Fhdl.handle.net%2F10891%2Fosa%3A6a06a0f3-e58a-4013-9bf1-e9907b4c35e8_l&size=LARGE&type=TEXT\', \'facets\': {\'language\': \'hu\', \'provider\': \'Europeana\'}, \'title\': \'Yugoslav Party Weekly Accusing Zhivkov of Perverting Facts\', \'id\': \'/2022062/10891_osa_6a06a0f3_e58a_4013_9bf1_e9907b4c35e8\'}, {\'uri\': \'http://www.econbiz.de/Record/10009528901\', \'facets\': {\'language\': \'de\', \'provider\': \'ZBW\', \'year\': \'2012\'}, \'title\': \'Banking crisis, output loss, and fiscal policy\', \'id\': \'10009528901\'}, {\'uri\': \'http://europeana.eu/resolve/record/2022062/10891_osa_164467c8_8722_4460_97f5_e7cdb0d19fb6\', \'previewImage\': \'http://europeanastatic.eu/api/image?uri=http%3A%2F%2Fhdl.handle.net%2F10891%2Fosa%3A164467c8-8722-4460-97f5-e7cdb0d19fb6_l&size=LARGE&type=TEXT\', \'facets\': {\'language\': \'hu\', \'provider\': \'Europeana\'}, \'title\': "Tanase\'s Reappearance - Facts, Findings, and Hypotheses", \'id\': \'/2022062/10891_osa_164467c8_8722_4460_97f5_e7cdb0d19fb6\'}, {\'uri\': \'http://europeana.eu/resolve/record/2022062/10891_osa_326bec90_617e_4e16_bee7_16a16948b39e\', \'previewImage\': \'http://europeanastatic.eu/api/image?uri=http%3A%2F%2Fhdl.handle.net%2F10891%2Fosa%3A326bec90-617e-4e16-bee7-16a16948b39e_l&size=LARGE&type=TEXT\', \'facets\': {\'language\': \'hu\', \'provider\': \'Europeana\'}, \'title\': \'Soviet Bloc Falsifies Historical Facts, Says Yugoslav Paper\', \'id\': \'/2022062/10891_osa_326bec90_617e_4e16_bee7_16a16948b39e\'}, {\'uri\': \'http://www.econbiz.de/Record/10009528932\', \'facets\': {\'language\': \'de\', \'provider\': \'ZBW\', \'year\': \'2012\'}, \'title\': \'The economic benefit of educational reform in the European Union\', \'id\': \'10009528932\'}, {\'uri\': \'http://www.econbiz.de/Record/10010312153\', \'facets\': {\'language\': \'de\', \'provider\': \'ZBW\', \'year\': \'2010\'}, \'title\': \'Working or stay-at-home mum? The influence of family benefits and religiosity\', \'id\': \'10010312153\'}, {\'uri\': \'http://www.econbiz.de/Record/10010312082\', \'facets\': {\'language\': \'de\', \'provider\': \'ZBW\', \'year\': \'2011\'}, \'title\': \'Policy Persistence and Rent Extraction\', \'id\': \'10010312082\'}, {\'uri\': \'http://europeana.eu/resolve/record/2022062/10891_osa_e593d9ae_a6db_4d3d_ae51_9ed0ea0285a8\', \'previewImage\': \'http://europeanastatic.eu/api/image?uri=http%3A%2F%2Fhdl.handle.net%2F10891%2Fosa%3Ae593d9ae-a6db-4d3d-ae51-9ed0ea0285a8_l&size=LARGE&type=TEXT\', \'facets\': {\'language\': \'hu\', \'provider\': \'Europeana\'}, \'title\': \'Tito and Mihajlov - Facts are Merciless\', \'id\': \'/2022062/10891_osa_e593d9ae_a6db_4d3d_ae51_9ed0ea0285a8\'}, {\'uri\': \'http://europeana.eu/resolve/record/2022062/10891_osa_894b32cb_7dde_4dca_aadb_f85df7cc51ba\', \'previewImage\': \'http://europeanastatic.eu/api/image?uri=http%3A%2F%2Fhdl.handle.net%2F10891%2Fosa%3A894b32cb-7dde-4dca-aadb-f85df7cc51ba_l&size=LARGE&type=TEXT\', \'facets\': {\'language\': \'hu\', \'provider\': \'Europeana\'}, \'title\': \'Steel Facts\', \'id\': \'/2022062/10891_osa_894b32cb_7dde_4dca_aadb_f85df7cc51ba\'}, {\'uri\': \'http://europeana.eu/resolve/record/2022062/10891_osa_1a5f8469_8a42_4e94_b34b_8136b44850fe\', \'previewImage\': \'http://europeanastatic.eu/api/image?uri=http%3A%2F%2Fhdl.handle.net%2F10891%2Fosa%3A1a5f8469-8a42-4e94-b34b-8136b44850fe_l&size=LARGE&type=TEXT\', \'facets\': {\'language\': \'hu\', \'provider\': \'Europeana\'}, \'title\': \'Balkan Pact - A Few Facts\', \'id\': \'/2022062/10891_osa_1a5f8469_8a42_4e94_b34b_8136b44850fe\'}, {\'uri\': \'http://www.econbiz.de/Record/10009793384\', \'facets\': {\'language\': \'de\', \'provider\': \'ZBW\', \'year\': \'2013\'}, \'title\': \'Measuring institutional competitiveness in Europe\', \'id\': \'10009793384\'}, {\'uri\': \'http://www.econbiz.de/Record/10002593247\', \'facets\': {\'language\': \'de\', \'provider\': \'ZBW\', \'year\': \'2005\'}, \'title\': \'Sustainability of Portuguese fiscal policy in historical perspective : paper presented at the 2004 CESifo-LBI Conference on Sustainability of Public Debt, October 22-23 2004, Munich\', \'id\': \'10002593247\'}, {\'uri\': \'http://europeana.eu/resolve/record/2022062/10891_osa_26efce96_205d_492d_9a15_5d5659caf02d\', \'previewImage\': \'http://europeanastatic.eu/api/image?uri=http%3A%2F%2Fhdl.handle.net%2F10891%2Fosa%3A26efce96-205d-492d-9a15-5d5659caf02d_l&size=LARGE&type=TEXT\', \'facets\': {\'language\': \'hu\', \'provider\': \'Europeana\'}, \'title\': \'Yugoslavs Remind Bulgarians of Some Hard Facts of World War Two\', \'id\': \'/2022062/10891_osa_26efce96_205d_492d_9a15_5d5659caf02d\'}, {\'uri\': \'http://www.econbiz.de/Record/10010312134\', \'facets\': {\'language\': \'de\', \'provider\': \'ZBW\', \'year\': \'2011\'}, \'title\': \'Broadband Internet and Political Participation - Evidence for Germany\', \'id\': \'10010312134\'}, {\'uri\': \'http://www.econbiz.de/Record/10009623173\', \'facets\': {\'language\': \'de\', \'provider\': \'ZBW\', \'year\': \'2012\'}, \'title\': \'The response of child nutrition to changes in income : linking biology with economics\', \'id\': \'10009623173\'}, {\'uri\': \'http://europeana.eu/resolve/record/2022062/10891_osa_32ce276d_e312_4ef3_8c5c_29d486df62ae\', \'previewImage\': \'http://europeanastatic.eu/api/image?uri=http%3A%2F%2Fhdl.handle.net%2F10891%2Fosa%3A32ce276d-e312-4ef3-8c5c-29d486df62ae_l&size=LARGE&type=TEXT\', \'facets\': {\'language\': \'hu\', \'provider\': \'Europeana\'}, \'title\': \'Shelepin - Rumours Versus Facts\', \'id\': \'/2022062/10891_osa_32ce276d_e312_4ef3_8c5c_29d486df62ae\'}], \'provider\': \'Federated\', \'totalResults\': \'22\'}', '@CultRecTest Look: http://www.econbiz.de/Record/10010323038 Dimensions of macroeconomic uncertainty: A common factor analysis', 36])
2014-07-01 14:07:34,906 - INFO - {'geo': None, 'coordinates': None, 'favorite_count': 0, 'entities': {'user_mentions': [{'name': 'Basti', 'indices': [0, 12], 'screen_name': 'CultRecTest', 'id_str': '2561327785', 'id': 2561327785}], 'hashtags': [], 'symbols': [], 'urls': [{'indices': [19, 41], 'url': 'http://t.co/am3IhwaSW8', 'expanded_url': 'http://www.econbiz.de/Record/10010323038', 'display_url': 'econbiz.de/Record/1001032…'}]}, 'in_reply_to_user_id': 2561327785, 'retweeted': False, 'possibly_sensitive': False, 'contributors': None, 'retweet_count': 0, 'in_reply_to_user_id_str': '2561327785', 'in_reply_to_status_id_str': '483944976133652480', 'id_str': '483945002922680320', 'source': '<a href="http://www.placeholder.de" rel="nofollow">CultRecApp</a>', 'in_reply_to_screen_name': 'CultRecTest', 'filter_level': 'medium', 'in_reply_to_status_id': 483944976133652480, 'lang': 'en', 'place': None, 'text': '@CultRecTest Look: http://t.co/am3IhwaSW8 Dimensions of macroeconomic uncertainty: A common factor analysis', 'created_at': 'Tue Jul 01 12:07:34 +0000 2014', 'favorited': False, 'user': {'profile_text_color': '333333', 'screen_name': 'CultRec', 'is_translation_enabled': False, 'profile_background_image_url': 'http://abs.twimg.com/images/themes/theme1/bg.png', 'profile_link_color': '0084B4', 'profile_image_url_https': 'https://abs.twimg.com/sticky/default_profile_images/default_profile_3_normal.png', 'contributors_enabled': False, 'following': None, 'profile_use_background_image': True, 'follow_request_sent': None, 'profile_sidebar_fill_color': 'DDEEF6', 'name': 'Culture Recommender', 'utc_offset': None, 'protected': False, 'profile_image_url': 'http://abs.twimg.com/sticky/default_profile_images/default_profile_3_normal.png', 'location': '', 'notifications': None, 'time_zone': None, 'statuses_count': 25, 'description': None, 'favourites_count': 0, 'is_translator': False, 'url': None, 'geo_enabled': False, 'profile_background_tile': False, 'id_str': '2561286402', 'friends_count': 0, 'verified': False, 'followers_count': 1, 'listed_count': 0, 'profile_background_color': 'C0DEED', 'default_profile': True, 'default_profile_image': True, 'lang': 'en', 'created_at': 'Wed Jun 11 12:54:37 +0000 2014', 'profile_sidebar_border_color': 'C0DEED', 'profile_background_image_url_https': 'https://abs.twimg.com/images/themes/theme1/bg.png', 'id': 2561286402}, 'truncated': False, 'id': 483945002922680320}
2014-07-01 14:12:16,517 - INFO - {'geo': None, 'coordinates': None, 'favorite_count': 0, 'entities': {'user_mentions': [{'name': 'Culture Recommender', 'indices': [0, 8], 'screen_name': 'CultRec', 'id_str': '2561286402', 'id': 2561286402}], 'hashtags': [], 'symbols': [], 'urls': []}, 'in_reply_to_user_id': 2561286402, 'retweeted': False, 'contributors': None, 'retweet_count': 0, 'in_reply_to_user_id_str': '2561286402', 'in_reply_to_status_id_str': None, 'id_str': '483946184189677568', 'source': '<a href="http://twitter.com" rel="nofollow">Twitter Web Client</a>', 'in_reply_to_screen_name': 'CultRec', 'filter_level': 'medium', 'in_reply_to_status_id': None, 'lang': 'de', 'place': None, 'text': '@CultRec Etwas zum Thema Eurokrise ?', 'created_at': 'Tue Jul 01 12:12:16 +0000 2014', 'favorited': False, 'user': {'profile_text_color': '333333', 'screen_name': 'CultRecTest', 'is_translation_enabled': False, 'profile_background_image_url': 'http://abs.twimg.com/images/themes/theme1/bg.png', 'profile_link_color': '0084B4', 'profile_image_url_https': 'https://abs.twimg.com/sticky/default_profile_images/default_profile_2_normal.png', 'contributors_enabled': False, 'following': None, 'profile_use_background_image': True, 'follow_request_sent': None, 'profile_sidebar_fill_color': 'DDEEF6', 'name': 'Basti', 'utc_offset': 10800, 'protected': False, 'profile_image_url': 'http://abs.twimg.com/sticky/default_profile_images/default_profile_2_normal.png', 'location': '', 'notifications': None, 'time_zone': 'Athens', 'statuses_count': 44, 'description': None, 'favourites_count': 0, 'is_translator': False, 'url': None, 'geo_enabled': False, 'profile_background_tile': False, 'id_str': '2561327785', 'friends_count': 1, 'verified': False, 'followers_count': 0, 'listed_count': 0, 'profile_background_color': 'C0DEED', 'default_profile': True, 'default_profile_image': True, 'lang': 'en', 'created_at': 'Wed Jun 11 13:03:11 +0000 2014', 'profile_sidebar_border_color': 'C0DEED', 'profile_background_image_url_https': 'https://abs.twimg.com/images/themes/theme1/bg.png', 'id': 2561327785}, 'truncated': False, 'id': 483946184189677568}
2014-07-01 14:12:16,518 - DEBUG - ('SELECT t1.`id`, t1.`username`, t1.`twitterId`, t1.`userStatus`, t1.`created`, t1.`updated` FROM `user` AS t1 WHERE (t1.`twitterId` = %s) LIMIT 1', ['2561327785'])
2014-07-01 14:12:16,522 - DEBUG - ('INSERT INTO `usertweet` (`user_id`, `twitterId`, `tweet`, `created`, `updated`, `status`, `rawInput`) VALUES (%s, %s, %s, %s, %s, %s, %s)', [2, '483946184189677568', '@CultRec Etwas zum Thema Eurokrise ?', datetime.datetime(2014, 7, 1, 14, 12, 16, 521613), datetime.datetime(2014, 7, 1, 14, 12, 16, 521651), 'new', '{\'geo\': None, \'coordinates\': None, \'favorite_count\': 0, \'entities\': {\'user_mentions\': [{\'name\': \'Culture Recommender\', \'indices\': [0, 8], \'screen_name\': \'CultRec\', \'id_str\': \'2561286402\', \'id\': 2561286402}], \'hashtags\': [], \'symbols\': [], \'urls\': []}, \'in_reply_to_user_id\': 2561286402, \'retweeted\': False, \'contributors\': None, \'retweet_count\': 0, \'in_reply_to_user_id_str\': \'2561286402\', \'in_reply_to_status_id_str\': None, \'id_str\': \'483946184189677568\', \'source\': \'<a href="http://twitter.com" rel="nofollow">Twitter Web Client</a>\', \'in_reply_to_screen_name\': \'CultRec\', \'filter_level\': \'medium\', \'in_reply_to_status_id\': None, \'lang\': \'de\', \'place\': None, \'text\': \'@CultRec Etwas zum Thema Eurokrise ?\', \'created_at\': \'Tue Jul 01 12:12:16 +0000 2014\', \'favorited\': False, \'user\': {\'profile_text_color\': \'333333\', \'screen_name\': \'CultRecTest\', \'is_translation_enabled\': False, \'profile_background_image_url\': \'http://abs.twimg.com/images/themes/theme1/bg.png\', \'profile_link_color\': \'0084B4\', \'profile_image_url_https\': \'https://abs.twimg.com/sticky/default_profile_images/default_profile_2_normal.png\', \'contributors_enabled\': False, \'following\': None, \'profile_use_background_image\': True, \'follow_request_sent\': None, \'profile_sidebar_fill_color\': \'DDEEF6\', \'name\': \'Basti\', \'utc_offset\': 10800, \'protected\': False, \'profile_image_url\': \'http://abs.twimg.com/sticky/default_profile_images/default_profile_2_normal.png\', \'location\': \'\', \'notifications\': None, \'time_zone\': \'Athens\', \'statuses_count\': 44, \'description\': None, \'favourites_count\': 0, \'is_translator\': False, \'url\': None, \'geo_enabled\': False, \'profile_background_tile\': False, \'id_str\': \'2561327785\', \'friends_count\': 1, \'verified\': False, \'followers_count\': 0, \'listed_count\': 0, \'profile_background_color\': \'C0DEED\', \'default_profile\': True, \'default_profile_image\': True, \'lang\': \'en\', \'created_at\': \'Wed Jun 11 13:03:11 +0000 2014\', \'profile_sidebar_border_color\': \'C0DEED\', \'profile_background_image_url_https\': \'https://abs.twimg.com/images/themes/theme1/bg.png\', \'id\': 2561327785}, \'truncated\': False, \'id\': 483946184189677568}'])
2014-07-01 14:12:16,527 - DEBUG - ('SELECT t1.`id`, t1.`user_id`, t1.`twitterId`, t1.`tweet`, t1.`created`, t1.`updated`, t1.`status`, t1.`rawInput` FROM `usertweet` AS t1 WHERE (t1.`status` = %s)', ['new'])
2014-07-01 14:12:16,530 - DEBUG - ('UPDATE `usertweet` SET `user_id` = %s, `twitterId` = %s, `tweet` = %s, `created` = %s, `updated` = %s, `status` = %s, `rawInput` = %s WHERE (`id` = %s)', [2, '483946184189677568', '@CultRec Etwas zum Thema Eurokrise ?', datetime.datetime(2014, 7, 1, 14, 12, 16), datetime.datetime(2014, 7, 1, 14, 12, 16, 529800), 'requested', '{\'geo\': None, \'coordinates\': None, \'favorite_count\': 0, \'entities\': {\'user_mentions\': [{\'name\': \'Culture Recommender\', \'indices\': [0, 8], \'screen_name\': \'CultRec\', \'id_str\': \'2561286402\', \'id\': 2561286402}], \'hashtags\': [], \'symbols\': [], \'urls\': []}, \'in_reply_to_user_id\': 2561286402, \'retweeted\': False, \'contributors\': None, \'retweet_count\': 0, \'in_reply_to_user_id_str\': \'2561286402\', \'in_reply_to_status_id_str\': None, \'id_str\': \'483946184189677568\', \'source\': \'<a href="http://twitter.com" rel="nofollow">Twitter Web Client</a>\', \'in_reply_to_screen_name\': \'CultRec\', \'filter_level\': \'medium\', \'in_reply_to_status_id\': None, \'lang\': \'de\', \'place\': None, \'text\': \'@CultRec Etwas zum Thema Eurokrise ?\', \'created_at\': \'Tue Jul 01 12:12:16 +0000 2014\', \'favorited\': False, \'user\': {\'profile_text_color\': \'333333\', \'screen_name\': \'CultRecTest\', \'is_translation_enabled\': False, \'profile_background_image_url\': \'http://abs.twimg.com/images/themes/theme1/bg.png\', \'profile_link_color\': \'0084B4\', \'profile_image_url_https\': \'https://abs.twimg.com/sticky/default_profile_images/default_profile_2_normal.png\', \'contributors_enabled\': False, \'following\': None, \'profile_use_background_image\': True, \'follow_request_sent\': None, \'profile_sidebar_fill_color\': \'DDEEF6\', \'name\': \'Basti\', \'utc_offset\': 10800, \'protected\': False, \'profile_image_url\': \'http://abs.twimg.com/sticky/default_profile_images/default_profile_2_normal.png\', \'location\': \'\', \'notifications\': None, \'time_zone\': \'Athens\', \'statuses_count\': 44, \'description\': None, \'favourites_count\': 0, \'is_translator\': False, \'url\': None, \'geo_enabled\': False, \'profile_background_tile\': False, \'id_str\': \'2561327785\', \'friends_count\': 1, \'verified\': False, \'followers_count\': 0, \'listed_count\': 0, \'profile_background_color\': \'C0DEED\', \'default_profile\': True, \'default_profile_image\': True, \'lang\': \'en\', \'created_at\': \'Wed Jun 11 13:03:11 +0000 2014\', \'profile_sidebar_border_color\': \'C0DEED\', \'profile_background_image_url_https\': \'https://abs.twimg.com/images/themes/theme1/bg.png\', \'id\': 2561327785}, \'truncated\': False, \'id\': 483946184189677568}', 44])
2014-07-01 14:12:16,534 - INFO - Starting new HTTP connection (1): eexcess-dev.joanneum.at
2014-07-01 14:12:22,809 - DEBUG - "POST /eexcess-privacy-proxy/api/v1/recommend HTTP/1.1" 200 None
2014-07-01 14:12:22,810 - DEBUG - ('SELECT t1.`id`, t1.`username`, t1.`twitterId`, t1.`userStatus`, t1.`created`, t1.`updated` FROM `user` AS t1 WHERE (t1.`id` = %s) LIMIT 1', [2])
2014-07-01 14:12:22,813 - DEBUG - ('INSERT INTO `recommendation` (`userTweet_id`, `created`, `updated`, `status`, `fullRecommendation`, `text`) VALUES (%s, %s, %s, %s, %s, %s)', [44, datetime.datetime(2014, 7, 1, 14, 12, 22, 813173), datetime.datetime(2014, 7, 1, 14, 12, 22, 813188), 'new', "{'results': [{'uri': 'http://www.econbiz.de/Record/10010321925', 'facets': {'language': 'de', 'provider': 'ZBW', 'year': '2013'}, 'title': 'Jenseits von Angebot und Nachfrage: Was die Literatur über die Finanzkrise weiß', 'id': '10010321925'}, {'uri': 'http://www.econbiz.de/Record/10009791011', 'facets': {'language': 'de', 'provider': 'ZBW', 'year': '2013'}, 'title': 'Jenseits von Angebot und Nachfrage : was die Literatur über die Finanzkrise weiß', 'id': '10009791011'}], 'provider': 'Federated', 'totalResults': '2'}", '@CultRecTest Look: http://www.econbiz.de/Record/10010321925 Jenseits von Angebot und Nachfrage: Was die Literatur über die Finanzkrise weiß'])
2014-07-01 14:12:22,816 - DEBUG - ('UPDATE `usertweet` SET `user_id` = %s, `twitterId` = %s, `tweet` = %s, `created` = %s, `updated` = %s, `status` = %s, `rawInput` = %s WHERE (`id` = %s)', [2, '483946184189677568', '@CultRec Etwas zum Thema Eurokrise ?', datetime.datetime(2014, 7, 1, 14, 12, 16), datetime.datetime(2014, 7, 1, 14, 12, 22, 815906), 'done', '{\'geo\': None, \'coordinates\': None, \'favorite_count\': 0, \'entities\': {\'user_mentions\': [{\'name\': \'Culture Recommender\', \'indices\': [0, 8], \'screen_name\': \'CultRec\', \'id_str\': \'2561286402\', \'id\': 2561286402}], \'hashtags\': [], \'symbols\': [], \'urls\': []}, \'in_reply_to_user_id\': 2561286402, \'retweeted\': False, \'contributors\': None, \'retweet_count\': 0, \'in_reply_to_user_id_str\': \'2561286402\', \'in_reply_to_status_id_str\': None, \'id_str\': \'483946184189677568\', \'source\': \'<a href="http://twitter.com" rel="nofollow">Twitter Web Client</a>\', \'in_reply_to_screen_name\': \'CultRec\', \'filter_level\': \'medium\', \'in_reply_to_status_id\': None, \'lang\': \'de\', \'place\': None, \'text\': \'@CultRec Etwas zum Thema Eurokrise ?\', \'created_at\': \'Tue Jul 01 12:12:16 +0000 2014\', \'favorited\': False, \'user\': {\'profile_text_color\': \'333333\', \'screen_name\': \'CultRecTest\', \'is_translation_enabled\': False, \'profile_background_image_url\': \'http://abs.twimg.com/images/themes/theme1/bg.png\', \'profile_link_color\': \'0084B4\', \'profile_image_url_https\': \'https://abs.twimg.com/sticky/default_profile_images/default_profile_2_normal.png\', \'contributors_enabled\': False, \'following\': None, \'profile_use_background_image\': True, \'follow_request_sent\': None, \'profile_sidebar_fill_color\': \'DDEEF6\', \'name\': \'Basti\', \'utc_offset\': 10800, \'protected\': False, \'profile_image_url\': \'http://abs.twimg.com/sticky/default_profile_images/default_profile_2_normal.png\', \'location\': \'\', \'notifications\': None, \'time_zone\': \'Athens\', \'statuses_count\': 44, \'description\': None, \'favourites_count\': 0, \'is_translator\': False, \'url\': None, \'geo_enabled\': False, \'profile_background_tile\': False, \'id_str\': \'2561327785\', \'friends_count\': 1, \'verified\': False, \'followers_count\': 0, \'listed_count\': 0, \'profile_background_color\': \'C0DEED\', \'default_profile\': True, \'default_profile_image\': True, \'lang\': \'en\', \'created_at\': \'Wed Jun 11 13:03:11 +0000 2014\', \'profile_sidebar_border_color\': \'C0DEED\', \'profile_background_image_url_https\': \'https://abs.twimg.com/images/themes/theme1/bg.png\', \'id\': 2561327785}, \'truncated\': False, \'id\': 483946184189677568}', 44])
2014-07-01 14:12:22,818 - DEBUG - ('SELECT t1.`id`, t1.`userTweet_id`, t1.`selectedId`, t1.`created`, t1.`updated`, t1.`status`, t1.`fullRecommendation`, t1.`text` FROM `recommendation` AS t1 WHERE (t1.`status` = %s)', ['new'])
2014-07-01 14:12:22,819 - DEBUG - ('SELECT t1.`id`, t1.`user_id`, t1.`twitterId`, t1.`tweet`, t1.`created`, t1.`updated`, t1.`status`, t1.`rawInput` FROM `usertweet` AS t1 WHERE (t1.`id` = %s) LIMIT 1', [44])
2014-07-01 14:12:23,944 - DEBUG - ('UPDATE `recommendation` SET `userTweet_id` = %s, `selectedId` = %s, `created` = %s, `updated` = %s, `status` = %s, `fullRecommendation` = %s, `text` = %s WHERE (`id` = %s)', [44, '', datetime.datetime(2014, 7, 1, 14, 12, 22), datetime.datetime(2014, 7, 1, 14, 12, 23, 944151), 'done', "{'results': [{'uri': 'http://www.econbiz.de/Record/10010321925', 'facets': {'language': 'de', 'provider': 'ZBW', 'year': '2013'}, 'title': 'Jenseits von Angebot und Nachfrage: Was die Literatur über die Finanzkrise weiß', 'id': '10010321925'}, {'uri': 'http://www.econbiz.de/Record/10009791011', 'facets': {'language': 'de', 'provider': 'ZBW', 'year': '2013'}, 'title': 'Jenseits von Angebot und Nachfrage : was die Literatur über die Finanzkrise weiß', 'id': '10009791011'}], 'provider': 'Federated', 'totalResults': '2'}", '@CultRecTest Look: http://www.econbiz.de/Record/10010321925 Jenseits von Angebot und Nachfrage: Was die Literatur über die Finanzkrise weiß', 37])
2014-07-01 14:12:24,081 - INFO - {'geo': None, 'coordinates': None, 'favorite_count': 0, 'entities': {'user_mentions': [{'name': 'Basti', 'indices': [0, 12], 'screen_name': 'CultRecTest', 'id_str': '2561327785', 'id': 2561327785}], 'hashtags': [], 'symbols': [], 'urls': [{'indices': [19, 41], 'url': 'http://t.co/1aJQSKqEjQ', 'expanded_url': 'http://www.econbiz.de/Record/10010321925', 'display_url': 'econbiz.de/Record/1001032…'}]}, 'in_reply_to_user_id': 2561327785, 'retweeted': False, 'possibly_sensitive': False, 'contributors': None, 'retweet_count': 0, 'in_reply_to_user_id_str': '2561327785', 'in_reply_to_status_id_str': '483946184189677568', 'id_str': '483946215932194816', 'source': '<a href="http://www.placeholder.de" rel="nofollow">CultRecApp</a>', 'in_reply_to_screen_name': 'CultRecTest', 'filter_level': 'medium', 'in_reply_to_status_id': 483946184189677568, 'lang': 'de', 'place': None, 'text': '@CultRecTest Look: http://t.co/1aJQSKqEjQ Jenseits von Angebot und Nachfrage: Was die Literatur über die Finanzkrise weiß', 'created_at': 'Tue Jul 01 12:12:23 +0000 2014', 'favorited': False, 'user': {'profile_text_color': '333333', 'screen_name': 'CultRec', 'is_translation_enabled': False, 'profile_background_image_url': 'http://abs.twimg.com/images/themes/theme1/bg.png', 'profile_link_color': '0084B4', 'profile_image_url_https': 'https://abs.twimg.com/sticky/default_profile_images/default_profile_3_normal.png', 'contributors_enabled': False, 'following': None, 'profile_use_background_image': True, 'follow_request_sent': None, 'profile_sidebar_fill_color': 'DDEEF6', 'name': 'Culture Recommender', 'utc_offset': None, 'protected': False, 'profile_image_url': 'http://abs.twimg.com/sticky/default_profile_images/default_profile_3_normal.png', 'location': '', 'notifications': None, 'time_zone': None, 'statuses_count': 26, 'description': None, 'favourites_count': 0, 'is_translator': False, 'url': None, 'geo_enabled': False, 'profile_background_tile': False, 'id_str': '2561286402', 'friends_count': 0, 'verified': False, 'followers_count': 1, 'listed_count': 0, 'profile_background_color': 'C0DEED', 'default_profile': True, 'default_profile_image': True, 'lang': 'en', 'created_at': 'Wed Jun 11 12:54:37 +0000 2014', 'profile_sidebar_border_color': 'C0DEED', 'profile_background_image_url_https': 'https://abs.twimg.com/images/themes/theme1/bg.png', 'id': 2561286402}, 'truncated': False, 'id': 483946215932194816}
2014-07-01 14:15:15,070 - INFO - {'geo': None, 'coordinates': None, 'favorite_count': 0, 'entities': {'user_mentions': [{'name': 'Culture Recommender', 'indices': [0, 8], 'screen_name': 'CultRec', 'id_str': '2561286402', 'id': 2561286402}], 'hashtags': [], 'symbols': [], 'urls': []}, 'in_reply_to_user_id': 2561286402, 'retweeted': False, 'contributors': None, 'retweet_count': 0, 'in_reply_to_user_id_str': '2561286402', 'in_reply_to_status_id_str': None, 'id_str': '483946933040738304', 'source': '<a href="http://twitter.com" rel="nofollow">Twitter Web Client</a>', 'in_reply_to_screen_name': 'CultRec', 'filter_level': 'medium', 'in_reply_to_status_id': None, 'lang': 'en', 'place': None, 'text': '@CultRec Something about the euro crisis ?', 'created_at': 'Tue Jul 01 12:15:14 +0000 2014', 'favorited': False, 'user': {'profile_text_color': '333333', 'screen_name': 'CultRecTest', 'is_translation_enabled': False, 'profile_background_image_url': 'http://abs.twimg.com/images/themes/theme1/bg.png', 'profile_link_color': '0084B4', 'profile_image_url_https': 'https://abs.twimg.com/sticky/default_profile_images/default_profile_2_normal.png', 'contributors_enabled': False, 'following': None, 'profile_use_background_image': True, 'follow_request_sent': None, 'profile_sidebar_fill_color': 'DDEEF6', 'name': 'Basti', 'utc_offset': 10800, 'protected': False, 'profile_image_url': 'http://abs.twimg.com/sticky/default_profile_images/default_profile_2_normal.png', 'location': '', 'notifications': None, 'time_zone': 'Athens', 'statuses_count': 45, 'description': None, 'favourites_count': 0, 'is_translator': False, 'url': None, 'geo_enabled': False, 'profile_background_tile': False, 'id_str': '2561327785', 'friends_count': 1, 'verified': False, 'followers_count': 0, 'listed_count': 0, 'profile_background_color': 'C0DEED', 'default_profile': True, 'default_profile_image': True, 'lang': 'en', 'created_at': 'Wed Jun 11 13:03:11 +0000 2014', 'profile_sidebar_border_color': 'C0DEED', 'profile_background_image_url_https': 'https://abs.twimg.com/images/themes/theme1/bg.png', 'id': 2561327785}, 'truncated': False, 'id': 483946933040738304}
2014-07-01 14:15:15,070 - DEBUG - ('SELECT t1.`id`, t1.`username`, t1.`twitterId`, t1.`userStatus`, t1.`created`, t1.`updated` FROM `user` AS t1 WHERE (t1.`twitterId` = %s) LIMIT 1', ['2561327785'])
2014-07-01 14:15:15,073 - DEBUG - ('INSERT INTO `usertweet` (`user_id`, `twitterId`, `tweet`, `created`, `updated`, `status`, `rawInput`) VALUES (%s, %s, %s, %s, %s, %s, %s)', [2, '483946933040738304', '@CultRec Something about the euro crisis ?', datetime.datetime(2014, 7, 1, 14, 15, 15, 72800), datetime.datetime(2014, 7, 1, 14, 15, 15, 72811), 'new', '{\'geo\': None, \'coordinates\': None, \'favorite_count\': 0, \'entities\': {\'user_mentions\': [{\'name\': \'Culture Recommender\', \'indices\': [0, 8], \'screen_name\': \'CultRec\', \'id_str\': \'2561286402\', \'id\': 2561286402}], \'hashtags\': [], \'symbols\': [], \'urls\': []}, \'in_reply_to_user_id\': 2561286402, \'retweeted\': False, \'contributors\': None, \'retweet_count\': 0, \'in_reply_to_user_id_str\': \'2561286402\', \'in_reply_to_status_id_str\': None, \'id_str\': \'483946933040738304\', \'source\': \'<a href="http://twitter.com" rel="nofollow">Twitter Web Client</a>\', \'in_reply_to_screen_name\': \'CultRec\', \'filter_level\': \'medium\', \'in_reply_to_status_id\': None, \'lang\': \'en\', \'place\': None, \'text\': \'@CultRec Something about the euro crisis ?\', \'created_at\': \'Tue Jul 01 12:15:14 +0000 2014\', \'favorited\': False, \'user\': {\'profile_text_color\': \'333333\', \'screen_name\': \'CultRecTest\', \'is_translation_enabled\': False, \'profile_background_image_url\': \'http://abs.twimg.com/images/themes/theme1/bg.png\', \'profile_link_color\': \'0084B4\', \'profile_image_url_https\': \'https://abs.twimg.com/sticky/default_profile_images/default_profile_2_normal.png\', \'contributors_enabled\': False, \'following\': None, \'profile_use_background_image\': True, \'follow_request_sent\': None, \'profile_sidebar_fill_color\': \'DDEEF6\', \'name\': \'Basti\', \'utc_offset\': 10800, \'protected\': False, \'profile_image_url\': \'http://abs.twimg.com/sticky/default_profile_images/default_profile_2_normal.png\', \'location\': \'\', \'notifications\': None, \'time_zone\': \'Athens\', \'statuses_count\': 45, \'description\': None, \'favourites_count\': 0, \'is_translator\': False, \'url\': None, \'geo_enabled\': False, \'profile_background_tile\': False, \'id_str\': \'2561327785\', \'friends_count\': 1, \'verified\': False, \'followers_count\': 0, \'listed_count\': 0, \'profile_background_color\': \'C0DEED\', \'default_profile\': True, \'default_profile_image\': True, \'lang\': \'en\', \'created_at\': \'Wed Jun 11 13:03:11 +0000 2014\', \'profile_sidebar_border_color\': \'C0DEED\', \'profile_background_image_url_https\': \'https://abs.twimg.com/images/themes/theme1/bg.png\', \'id\': 2561327785}, \'truncated\': False, \'id\': 483946933040738304}'])
2014-07-01 14:15:15,078 - DEBUG - ('SELECT t1.`id`, t1.`user_id`, t1.`twitterId`, t1.`tweet`, t1.`created`, t1.`updated`, t1.`status`, t1.`rawInput` FROM `usertweet` AS t1 WHERE (t1.`status` = %s)', ['new'])
2014-07-01 14:15:15,081 - DEBUG - ('UPDATE `usertweet` SET `user_id` = %s, `twitterId` = %s, `tweet` = %s, `created` = %s, `updated` = %s, `status` = %s, `rawInput` = %s WHERE (`id` = %s)', [2, '483946933040738304', '@CultRec Something about the euro crisis ?', datetime.datetime(2014, 7, 1, 14, 15, 15), datetime.datetime(2014, 7, 1, 14, 15, 15, 80624), 'requested', '{\'geo\': None, \'coordinates\': None, \'favorite_count\': 0, \'entities\': {\'user_mentions\': [{\'name\': \'Culture Recommender\', \'indices\': [0, 8], \'screen_name\': \'CultRec\', \'id_str\': \'2561286402\', \'id\': 2561286402}], \'hashtags\': [], \'symbols\': [], \'urls\': []}, \'in_reply_to_user_id\': 2561286402, \'retweeted\': False, \'contributors\': None, \'retweet_count\': 0, \'in_reply_to_user_id_str\': \'2561286402\', \'in_reply_to_status_id_str\': None, \'id_str\': \'483946933040738304\', \'source\': \'<a href="http://twitter.com" rel="nofollow">Twitter Web Client</a>\', \'in_reply_to_screen_name\': \'CultRec\', \'filter_level\': \'medium\', \'in_reply_to_status_id\': None, \'lang\': \'en\', \'place\': None, \'text\': \'@CultRec Something about the euro crisis ?\', \'created_at\': \'Tue Jul 01 12:15:14 +0000 2014\', \'favorited\': False, \'user\': {\'profile_text_color\': \'333333\', \'screen_name\': \'CultRecTest\', \'is_translation_enabled\': False, \'profile_background_image_url\': \'http://abs.twimg.com/images/themes/theme1/bg.png\', \'profile_link_color\': \'0084B4\', \'profile_image_url_https\': \'https://abs.twimg.com/sticky/default_profile_images/default_profile_2_normal.png\', \'contributors_enabled\': False, \'following\': None, \'profile_use_background_image\': True, \'follow_request_sent\': None, \'profile_sidebar_fill_color\': \'DDEEF6\', \'name\': \'Basti\', \'utc_offset\': 10800, \'protected\': False, \'profile_image_url\': \'http://abs.twimg.com/sticky/default_profile_images/default_profile_2_normal.png\', \'location\': \'\', \'notifications\': None, \'time_zone\': \'Athens\', \'statuses_count\': 45, \'description\': None, \'favourites_count\': 0, \'is_translator\': False, \'url\': None, \'geo_enabled\': False, \'profile_background_tile\': False, \'id_str\': \'2561327785\', \'friends_count\': 1, \'verified\': False, \'followers_count\': 0, \'listed_count\': 0, \'profile_background_color\': \'C0DEED\', \'default_profile\': True, \'default_profile_image\': True, \'lang\': \'en\', \'created_at\': \'Wed Jun 11 13:03:11 +0000 2014\', \'profile_sidebar_border_color\': \'C0DEED\', \'profile_background_image_url_https\': \'https://abs.twimg.com/images/themes/theme1/bg.png\', \'id\': 2561327785}, \'truncated\': False, \'id\': 483946933040738304}', 45])
2014-07-01 14:15:15,085 - INFO - Starting new HTTP connection (1): eexcess-dev.joanneum.at
2014-07-01 14:15:19,866 - DEBUG - "POST /eexcess-privacy-proxy/api/v1/recommend HTTP/1.1" 200 None
2014-07-01 14:15:19,867 - DEBUG - ('SELECT t1.`id`, t1.`username`, t1.`twitterId`, t1.`userStatus`, t1.`created`, t1.`updated` FROM `user` AS t1 WHERE (t1.`id` = %s) LIMIT 1', [2])
2014-07-01 14:15:19,869 - DEBUG - ('INSERT INTO `recommendation` (`userTweet_id`, `created`, `updated`, `status`, `fullRecommendation`, `text`) VALUES (%s, %s, %s, %s, %s, %s)', [45, datetime.datetime(2014, 7, 1, 14, 15, 19, 868882), datetime.datetime(2014, 7, 1, 14, 15, 19, 868897), 'new', '{\'results\': [{\'uri\': \'http://www.econbiz.de/Record/10009645846\', \'facets\': {\'language\': \'de\', \'provider\': \'ZBW\', \'year\': \'2012-02\'}, \'title\': \'The Euro Crisis and the Job Guarantee: A Proposal for Ireland\', \'id\': \'10009645846\'}, {\'uri\': \'http://www.econbiz.de/Record/10009421559\', \'facets\': {\'language\': \'de\', \'provider\': \'ZBW\', \'year\': \'2012\'}, \'title\': \'How and Why a U.S. Sovereign Debt Crisis Could Occur\', \'id\': \'10009421559\'}, {\'uri\': \'http://www.econbiz.de/Record/10009003804\', \'facets\': {\'language\': \'de\', \'provider\': \'ZBW\', \'year\': \'2011-02\'}, \'title\': "Let\'s bring our acts together", \'id\': \'10009003804\'}, {\'uri\': \'http://www.econbiz.de/Record/10010333043\', \'facets\': {\'language\': \'de\', \'provider\': \'ZBW\', \'year\': \'2012\'}, \'title\': \'The euro crisis and the job guarantee: A proposal for Ireland\', \'id\': \'10010333043\'}, {\'uri\': \'http://www.econbiz.de/Record/10010207186\', \'facets\': {\'language\': \'de\', \'provider\': \'ZBW\', \'year\': \'2014\'}, \'title\': \'The fall of the euro : reinventing the Eurozone and the future of global investing\', \'id\': \'10010207186\'}, {\'uri\': \'http://www.econbiz.de/Record/10010286507\', \'facets\': {\'language\': \'de\', \'provider\': \'ZBW\', \'year\': \'2012\'}, \'title\': \'Imbalances? What imbalances? A dissenting view\', \'id\': \'10010286507\'}, {\'uri\': \'http://www.econbiz.de/Record/10009706243\', \'facets\': {\'language\': \'de\', \'provider\': \'ZBW\', \'year\': \'2013\'}, \'title\': \'Economic stability and choice of exchange rate regimes\', \'id\': \'10009706243\'}, {\'uri\': \'http://www.econbiz.de/Record/10005689188\', \'facets\': {\'language\': \'de\', \'provider\': \'ZBW\', \'year\': \'2008-08\'}, \'title\': "What\'s a Central Bank to Do? Policy Response to the Current Crisis", \'id\': \'10005689188\'}, {\'uri\': \'http://www.econbiz.de/Record/10009550684\', \'facets\': {\'language\': \'de\', \'provider\': \'ZBW\', \'year\': \'2012\'}, \'title\': \'Controlled dismantlement of the euro area in order to preserve the European Union and Single European Market\', \'id\': \'10009550684\'}, {\'uri\': \'http://www.econbiz.de/Record/10009490197\', \'facets\': {\'language\': \'de\', \'provider\': \'ZBW\', \'year\': \'2012\'}, \'title\': \'The euro crisis and the job guarantee : a proposal for Ireland\', \'id\': \'10009490197\'}], \'provider\': \'Federated\', \'totalResults\': \'10\'}', '@CultRecTest Look: http://www.econbiz.de/Record/10009645846 The Euro Crisis and the Job Guarantee: A Proposal for Ireland'])
2014-07-01 14:15:19,872 - DEBUG - ('UPDATE `usertweet` SET `user_id` = %s, `twitterId` = %s, `tweet` = %s, `created` = %s, `updated` = %s, `status` = %s, `rawInput` = %s WHERE (`id` = %s)', [2, '483946933040738304', '@CultRec Something about the euro crisis ?', datetime.datetime(2014, 7, 1, 14, 15, 15), datetime.datetime(2014, 7, 1, 14, 15, 19, 871949), 'done', '{\'geo\': None, \'coordinates\': None, \'favorite_count\': 0, \'entities\': {\'user_mentions\': [{\'name\': \'Culture Recommender\', \'indices\': [0, 8], \'screen_name\': \'CultRec\', \'id_str\': \'2561286402\', \'id\': 2561286402}], \'hashtags\': [], \'symbols\': [], \'urls\': []}, \'in_reply_to_user_id\': 2561286402, \'retweeted\': False, \'contributors\': None, \'retweet_count\': 0, \'in_reply_to_user_id_str\': \'2561286402\', \'in_reply_to_status_id_str\': None, \'id_str\': \'483946933040738304\', \'source\': \'<a href="http://twitter.com" rel="nofollow">Twitter Web Client</a>\', \'in_reply_to_screen_name\': \'CultRec\', \'filter_level\': \'medium\', \'in_reply_to_status_id\': None, \'lang\': \'en\', \'place\': None, \'text\': \'@CultRec Something about the euro crisis ?\', \'created_at\': \'Tue Jul 01 12:15:14 +0000 2014\', \'favorited\': False, \'user\': {\'profile_text_color\': \'333333\', \'screen_name\': \'CultRecTest\', \'is_translation_enabled\': False, \'profile_background_image_url\': \'http://abs.twimg.com/images/themes/theme1/bg.png\', \'profile_link_color\': \'0084B4\', \'profile_image_url_https\': \'https://abs.twimg.com/sticky/default_profile_images/default_profile_2_normal.png\', \'contributors_enabled\': False, \'following\': None, \'profile_use_background_image\': True, \'follow_request_sent\': None, \'profile_sidebar_fill_color\': \'DDEEF6\', \'name\': \'Basti\', \'utc_offset\': 10800, \'protected\': False, \'profile_image_url\': \'http://abs.twimg.com/sticky/default_profile_images/default_profile_2_normal.png\', \'location\': \'\', \'notifications\': None, \'time_zone\': \'Athens\', \'statuses_count\': 45, \'description\': None, \'favourites_count\': 0, \'is_translator\': False, \'url\': None, \'geo_enabled\': False, \'profile_background_tile\': False, \'id_str\': \'2561327785\', \'friends_count\': 1, \'verified\': False, \'followers_count\': 0, \'listed_count\': 0, \'profile_background_color\': \'C0DEED\', \'default_profile\': True, \'default_profile_image\': True, \'lang\': \'en\', \'created_at\': \'Wed Jun 11 13:03:11 +0000 2014\', \'profile_sidebar_border_color\': \'C0DEED\', \'profile_background_image_url_https\': \'https://abs.twimg.com/images/themes/theme1/bg.png\', \'id\': 2561327785}, \'truncated\': False, \'id\': 483946933040738304}', 45])
2014-07-01 14:15:19,874 - DEBUG - ('SELECT t1.`id`, t1.`userTweet_id`, t1.`selectedId`, t1.`created`, t1.`updated`, t1.`status`, t1.`fullRecommendation`, t1.`text` FROM `recommendation` AS t1 WHERE (t1.`status` = %s)', ['new'])
2014-07-01 14:15:19,875 - DEBUG - ('SELECT t1.`id`, t1.`user_id`, t1.`twitterId`, t1.`tweet`, t1.`created`, t1.`updated`, t1.`status`, t1.`rawInput` FROM `usertweet` AS t1 WHERE (t1.`id` = %s) LIMIT 1', [45])
2014-07-01 14:15:20,483 - DEBUG - ('UPDATE `recommendation` SET `userTweet_id` = %s, `selectedId` = %s, `created` = %s, `updated` = %s, `status` = %s, `fullRecommendation` = %s, `text` = %s WHERE (`id` = %s)', [45, '', datetime.datetime(2014, 7, 1, 14, 15, 19), datetime.datetime(2014, 7, 1, 14, 15, 20, 482795), 'done', '{\'results\': [{\'uri\': \'http://www.econbiz.de/Record/10009645846\', \'facets\': {\'language\': \'de\', \'provider\': \'ZBW\', \'year\': \'2012-02\'}, \'title\': \'The Euro Crisis and the Job Guarantee: A Proposal for Ireland\', \'id\': \'10009645846\'}, {\'uri\': \'http://www.econbiz.de/Record/10009421559\', \'facets\': {\'language\': \'de\', \'provider\': \'ZBW\', \'year\': \'2012\'}, \'title\': \'How and Why a U.S. Sovereign Debt Crisis Could Occur\', \'id\': \'10009421559\'}, {\'uri\': \'http://www.econbiz.de/Record/10009003804\', \'facets\': {\'language\': \'de\', \'provider\': \'ZBW\', \'year\': \'2011-02\'}, \'title\': "Let\'s bring our acts together", \'id\': \'10009003804\'}, {\'uri\': \'http://www.econbiz.de/Record/10010333043\', \'facets\': {\'language\': \'de\', \'provider\': \'ZBW\', \'year\': \'2012\'}, \'title\': \'The euro crisis and the job guarantee: A proposal for Ireland\', \'id\': \'10010333043\'}, {\'uri\': \'http://www.econbiz.de/Record/10010207186\', \'facets\': {\'language\': \'de\', \'provider\': \'ZBW\', \'year\': \'2014\'}, \'title\': \'The fall of the euro : reinventing the Eurozone and the future of global investing\', \'id\': \'10010207186\'}, {\'uri\': \'http://www.econbiz.de/Record/10010286507\', \'facets\': {\'language\': \'de\', \'provider\': \'ZBW\', \'year\': \'2012\'}, \'title\': \'Imbalances? What imbalances? A dissenting view\', \'id\': \'10010286507\'}, {\'uri\': \'http://www.econbiz.de/Record/10009706243\', \'facets\': {\'language\': \'de\', \'provider\': \'ZBW\', \'year\': \'2013\'}, \'title\': \'Economic stability and choice of exchange rate regimes\', \'id\': \'10009706243\'}, {\'uri\': \'http://www.econbiz.de/Record/10005689188\', \'facets\': {\'language\': \'de\', \'provider\': \'ZBW\', \'year\': \'2008-08\'}, \'title\': "What\'s a Central Bank to Do? Policy Response to the Current Crisis", \'id\': \'10005689188\'}, {\'uri\': \'http://www.econbiz.de/Record/10009550684\', \'facets\': {\'language\': \'de\', \'provider\': \'ZBW\', \'year\': \'2012\'}, \'title\': \'Controlled dismantlement of the euro area in order to preserve the European Union and Single European Market\', \'id\': \'10009550684\'}, {\'uri\': \'http://www.econbiz.de/Record/10009490197\', \'facets\': {\'language\': \'de\', \'provider\': \'ZBW\', \'year\': \'2012\'}, \'title\': \'The euro crisis and the job guarantee : a proposal for Ireland\', \'id\': \'10009490197\'}], \'provider\': \'Federated\', \'totalResults\': \'10\'}', '@CultRecTest Look: http://www.econbiz.de/Record/10009645846 The Euro Crisis and the Job Guarantee: A Proposal for Ireland', 38])
2014-07-01 14:15:20,651 - INFO - {'geo': None, 'coordinates': None, 'favorite_count': 0, 'entities': {'user_mentions': [{'name': 'Basti', 'indices': [0, 12], 'screen_name': 'CultRecTest', 'id_str': '2561327785', 'id': 2561327785}], 'hashtags': [], 'symbols': [], 'urls': [{'indices': [19, 41], 'url': 'http://t.co/09c8Et9rLh', 'expanded_url': 'http://www.econbiz.de/Record/10009645846', 'display_url': 'econbiz.de/Record/1000964…'}]}, 'in_reply_to_user_id': 2561327785, 'retweeted': False, 'possibly_sensitive': False, 'contributors': None, 'retweet_count': 0, 'in_reply_to_user_id_str': '2561327785', 'in_reply_to_status_id_str': '483946933040738304', 'id_str': '483946956348473344', 'source': '<a href="http://www.placeholder.de" rel="nofollow">CultRecApp</a>', 'in_reply_to_screen_name': 'CultRecTest', 'filter_level': 'medium', 'in_reply_to_status_id': 483946933040738304, 'lang': 'en', 'place': None, 'text': '@CultRecTest Look: http://t.co/09c8Et9rLh The Euro Crisis and the Job Guarantee: A Proposal for Ireland', 'created_at': 'Tue Jul 01 12:15:20 +0000 2014', 'favorited': False, 'user': {'profile_text_color': '333333', 'screen_name': 'CultRec', 'is_translation_enabled': False, 'profile_background_image_url': 'http://abs.twimg.com/images/themes/theme1/bg.png', 'profile_link_color': '0084B4', 'profile_image_url_https': 'https://abs.twimg.com/sticky/default_profile_images/default_profile_3_normal.png', 'contributors_enabled': False, 'following': None, 'profile_use_background_image': True, 'follow_request_sent': None, 'profile_sidebar_fill_color': 'DDEEF6', 'name': 'Culture Recommender', 'utc_offset': None, 'protected': False, 'profile_image_url': 'http://abs.twimg.com/sticky/default_profile_images/default_profile_3_normal.png', 'location': '', 'notifications': None, 'time_zone': None, 'statuses_count': 27, 'description': None, 'favourites_count': 0, 'is_translator': False, 'url': None, 'geo_enabled': False, 'profile_background_tile': False, 'id_str': '2561286402', 'friends_count': 0, 'verified': False, 'followers_count': 1, 'listed_count': 0, 'profile_background_color': 'C0DEED', 'default_profile': True, 'default_profile_image': True, 'lang': 'en', 'created_at': 'Wed Jun 11 12:54:37 +0000 2014', 'profile_sidebar_border_color': 'C0DEED', 'profile_background_image_url_https': 'https://abs.twimg.com/images/themes/theme1/bg.png', 'id': 2561286402}, 'truncated': False, 'id': 483946956348473344}
2014-07-02 13:11:53,339 - DEBUG - ('CREATE TABLE `user` (`id` INTEGER AUTO_INCREMENT NOT NULL PRIMARY KEY, `username` VARCHAR(255) NOT NULL, `twitterId` VARCHAR(255) NOT NULL, `userStatus` VARCHAR(255) NOT NULL, `created` DATETIME NOT NULL, `updated` DATETIME NOT NULL)', [])
2014-07-02 13:11:53,350 - ERROR - (2003, "Can't connect to MySQL server on 'localhost' ([Errno 61] Connection refused)")
Traceback (most recent call last):
  File "/Library/Frameworks/Python.framework/Versions/3.4/lib/python3.4/site-packages/pymysql/connections.py", line 783, in _connect
    (self.host, self.port), self.connect_timeout)
  File "/Library/Frameworks/Python.framework/Versions/3.4/lib/python3.4/socket.py", line 509, in create_connection
    raise err
  File "/Library/Frameworks/Python.framework/Versions/3.4/lib/python3.4/socket.py", line 500, in create_connection
    sock.connect(sa)
ConnectionRefusedError: [Errno 61] Connection refused

During handling of the above exception, another exception occurred:

Traceback (most recent call last):
  File "/Library/Frameworks/Python.framework/Versions/3.4/lib/python3.4/site-packages/peewee.py", line 2299, in connect
    **self.connect_kwargs)
  File "/Library/Frameworks/Python.framework/Versions/3.4/lib/python3.4/site-packages/peewee.py", line 2620, in _connect
    return mysql.connect(db=database, **conn_kwargs)
  File "/Library/Frameworks/Python.framework/Versions/3.4/lib/python3.4/site-packages/pymysql/__init__.py", line 88, in Connect
    return Connection(*args, **kwargs)
  File "/Library/Frameworks/Python.framework/Versions/3.4/lib/python3.4/site-packages/pymysql/connections.py", line 626, in __init__
    self._connect()
  File "/Library/Frameworks/Python.framework/Versions/3.4/lib/python3.4/site-packages/pymysql/connections.py", line 818, in _connect
    2003, "Can't connect to MySQL server on %r (%s)" % (self.host, e))
pymysql.err.OperationalError: (2003, "Can't connect to MySQL server on 'localhost' ([Errno 61] Connection refused)")

During handling of the above exception, another exception occurred:

Traceback (most recent call last):
  File "/Library/Frameworks/Python.framework/Versions/3.4/lib/python3.4/site-packages/peewee.py", line 2354, in execute_sql
    cursor = self.get_cursor()
  File "/Library/Frameworks/Python.framework/Versions/3.4/lib/python3.4/site-packages/peewee.py", line 2320, in get_cursor
    return self.get_conn().cursor()
  File "/Library/Frameworks/Python.framework/Versions/3.4/lib/python3.4/site-packages/peewee.py", line 2313, in get_conn
    self.connect()
  File "/Library/Frameworks/Python.framework/Versions/3.4/lib/python3.4/site-packages/peewee.py", line 2300, in connect
    self.__local.closed = False
  File "/Library/Frameworks/Python.framework/Versions/3.4/lib/python3.4/site-packages/peewee.py", line 2234, in __exit__
    reraise(new_type, new_type(*exc_value.args), traceback)
  File "/Library/Frameworks/Python.framework/Versions/3.4/lib/python3.4/site-packages/peewee.py", line 104, in reraise
    raise value.with_traceback(tb)
  File "/Library/Frameworks/Python.framework/Versions/3.4/lib/python3.4/site-packages/peewee.py", line 2299, in connect
    **self.connect_kwargs)
  File "/Library/Frameworks/Python.framework/Versions/3.4/lib/python3.4/site-packages/peewee.py", line 2620, in _connect
    return mysql.connect(db=database, **conn_kwargs)
  File "/Library/Frameworks/Python.framework/Versions/3.4/lib/python3.4/site-packages/pymysql/__init__.py", line 88, in Connect
    return Connection(*args, **kwargs)
  File "/Library/Frameworks/Python.framework/Versions/3.4/lib/python3.4/site-packages/pymysql/connections.py", line 626, in __init__
    self._connect()
  File "/Library/Frameworks/Python.framework/Versions/3.4/lib/python3.4/site-packages/pymysql/connections.py", line 818, in _connect
    2003, "Can't connect to MySQL server on %r (%s)" % (self.host, e))
peewee.OperationalError: (2003, "Can't connect to MySQL server on 'localhost' ([Errno 61] Connection refused)")

During handling of the above exception, another exception occurred:

Traceback (most recent call last):
  File "/Users/Basti/projects/twitter-recommender-bot/de/uop/twitterbot/CreateTables.py", line 7, in <module>
    MysqlManager.User.create_table()
  File "/Library/Frameworks/Python.framework/Versions/3.4/lib/python3.4/site-packages/peewee.py", line 3024, in create_table
    db.create_table(cls)
  File "/Library/Frameworks/Python.framework/Versions/3.4/lib/python3.4/site-packages/peewee.py", line 2421, in create_table
    return self.execute_sql(*qc.create_table(model_class, safe))
  File "/Library/Frameworks/Python.framework/Versions/3.4/lib/python3.4/site-packages/peewee.py", line 2364, in execute_sql
    self.commit()
  File "/Library/Frameworks/Python.framework/Versions/3.4/lib/python3.4/site-packages/peewee.py", line 2234, in __exit__
    reraise(new_type, new_type(*exc_value.args), traceback)
  File "/Library/Frameworks/Python.framework/Versions/3.4/lib/python3.4/site-packages/peewee.py", line 104, in reraise
    raise value.with_traceback(tb)
  File "/Library/Frameworks/Python.framework/Versions/3.4/lib/python3.4/site-packages/peewee.py", line 2354, in execute_sql
    cursor = self.get_cursor()
  File "/Library/Frameworks/Python.framework/Versions/3.4/lib/python3.4/site-packages/peewee.py", line 2320, in get_cursor
    return self.get_conn().cursor()
  File "/Library/Frameworks/Python.framework/Versions/3.4/lib/python3.4/site-packages/peewee.py", line 2313, in get_conn
    self.connect()
  File "/Library/Frameworks/Python.framework/Versions/3.4/lib/python3.4/site-packages/peewee.py", line 2300, in connect
    self.__local.closed = False
  File "/Library/Frameworks/Python.framework/Versions/3.4/lib/python3.4/site-packages/peewee.py", line 2234, in __exit__
    reraise(new_type, new_type(*exc_value.args), traceback)
  File "/Library/Frameworks/Python.framework/Versions/3.4/lib/python3.4/site-packages/peewee.py", line 104, in reraise
    raise value.with_traceback(tb)
  File "/Library/Frameworks/Python.framework/Versions/3.4/lib/python3.4/site-packages/peewee.py", line 2299, in connect
    **self.connect_kwargs)
  File "/Library/Frameworks/Python.framework/Versions/3.4/lib/python3.4/site-packages/peewee.py", line 2620, in _connect
    return mysql.connect(db=database, **conn_kwargs)
  File "/Library/Frameworks/Python.framework/Versions/3.4/lib/python3.4/site-packages/pymysql/__init__.py", line 88, in Connect
    return Connection(*args, **kwargs)
  File "/Library/Frameworks/Python.framework/Versions/3.4/lib/python3.4/site-packages/pymysql/connections.py", line 626, in __init__
    self._connect()
  File "/Library/Frameworks/Python.framework/Versions/3.4/lib/python3.4/site-packages/pymysql/connections.py", line 818, in _connect
    2003, "Can't connect to MySQL server on %r (%s)" % (self.host, e))
peewee.OperationalError: (2003, "Can't connect to MySQL server on 'localhost' ([Errno 61] Connection refused)")
2014-07-02 13:12:07,158 - DEBUG - ('CREATE TABLE `user` (`id` INTEGER AUTO_INCREMENT NOT NULL PRIMARY KEY, `username` VARCHAR(255) NOT NULL, `twitterId` VARCHAR(255) NOT NULL, `userStatus` VARCHAR(255) NOT NULL, `created` DATETIME NOT NULL, `updated` DATETIME NOT NULL)', [])
2014-07-02 13:12:07,167 - ERROR - (1050, "Table 'user' already exists")
Traceback (most recent call last):
  File "/Library/Frameworks/Python.framework/Versions/3.4/lib/python3.4/site-packages/peewee.py", line 2356, in execute_sql
    cursor.execute(sql, params or ())
  File "/Library/Frameworks/Python.framework/Versions/3.4/lib/python3.4/site-packages/pymysql/cursors.py", line 132, in execute
    result = self._query(query)
  File "/Library/Frameworks/Python.framework/Versions/3.4/lib/python3.4/site-packages/pymysql/cursors.py", line 271, in _query
    conn.query(q)
  File "/Library/Frameworks/Python.framework/Versions/3.4/lib/python3.4/site-packages/pymysql/connections.py", line 726, in query
    self._affected_rows = self._read_query_result(unbuffered=unbuffered)
  File "/Library/Frameworks/Python.framework/Versions/3.4/lib/python3.4/site-packages/pymysql/connections.py", line 861, in _read_query_result
    result.read()
  File "/Library/Frameworks/Python.framework/Versions/3.4/lib/python3.4/site-packages/pymysql/connections.py", line 1064, in read
    first_packet = self.connection._read_packet()
  File "/Library/Frameworks/Python.framework/Versions/3.4/lib/python3.4/site-packages/pymysql/connections.py", line 826, in _read_packet
    packet.check_error()
  File "/Library/Frameworks/Python.framework/Versions/3.4/lib/python3.4/site-packages/pymysql/connections.py", line 370, in check_error
    raise_mysql_exception(self._data)
  File "/Library/Frameworks/Python.framework/Versions/3.4/lib/python3.4/site-packages/pymysql/err.py", line 116, in raise_mysql_exception
    _check_mysql_exception(errinfo)
  File "/Library/Frameworks/Python.framework/Versions/3.4/lib/python3.4/site-packages/pymysql/err.py", line 112, in _check_mysql_exception
    raise InternalError(errno, errorvalue)
pymysql.err.InternalError: (1050, "Table 'user' already exists")

During handling of the above exception, another exception occurred:

Traceback (most recent call last):
  File "/Users/Basti/projects/twitter-recommender-bot/de/uop/twitterbot/CreateTables.py", line 7, in <module>
    MysqlManager.User.create_table()
  File "/Library/Frameworks/Python.framework/Versions/3.4/lib/python3.4/site-packages/peewee.py", line 3024, in create_table
    db.create_table(cls)
  File "/Library/Frameworks/Python.framework/Versions/3.4/lib/python3.4/site-packages/peewee.py", line 2421, in create_table
    return self.execute_sql(*qc.create_table(model_class, safe))
  File "/Library/Frameworks/Python.framework/Versions/3.4/lib/python3.4/site-packages/peewee.py", line 2364, in execute_sql
    self.commit()
  File "/Library/Frameworks/Python.framework/Versions/3.4/lib/python3.4/site-packages/peewee.py", line 2234, in __exit__
    reraise(new_type, new_type(*exc_value.args), traceback)
  File "/Library/Frameworks/Python.framework/Versions/3.4/lib/python3.4/site-packages/peewee.py", line 104, in reraise
    raise value.with_traceback(tb)
  File "/Library/Frameworks/Python.framework/Versions/3.4/lib/python3.4/site-packages/peewee.py", line 2356, in execute_sql
    cursor.execute(sql, params or ())
  File "/Library/Frameworks/Python.framework/Versions/3.4/lib/python3.4/site-packages/pymysql/cursors.py", line 132, in execute
    result = self._query(query)
  File "/Library/Frameworks/Python.framework/Versions/3.4/lib/python3.4/site-packages/pymysql/cursors.py", line 271, in _query
    conn.query(q)
  File "/Library/Frameworks/Python.framework/Versions/3.4/lib/python3.4/site-packages/pymysql/connections.py", line 726, in query
    self._affected_rows = self._read_query_result(unbuffered=unbuffered)
  File "/Library/Frameworks/Python.framework/Versions/3.4/lib/python3.4/site-packages/pymysql/connections.py", line 861, in _read_query_result
    result.read()
  File "/Library/Frameworks/Python.framework/Versions/3.4/lib/python3.4/site-packages/pymysql/connections.py", line 1064, in read
    first_packet = self.connection._read_packet()
  File "/Library/Frameworks/Python.framework/Versions/3.4/lib/python3.4/site-packages/pymysql/connections.py", line 826, in _read_packet
    packet.check_error()
  File "/Library/Frameworks/Python.framework/Versions/3.4/lib/python3.4/site-packages/pymysql/connections.py", line 370, in check_error
    raise_mysql_exception(self._data)
  File "/Library/Frameworks/Python.framework/Versions/3.4/lib/python3.4/site-packages/pymysql/err.py", line 116, in raise_mysql_exception
    _check_mysql_exception(errinfo)
  File "/Library/Frameworks/Python.framework/Versions/3.4/lib/python3.4/site-packages/pymysql/err.py", line 112, in _check_mysql_exception
    raise InternalError(errno, errorvalue)
peewee.InternalError: (1050, "Table 'user' already exists")
2014-07-02 13:12:43,815 - DEBUG - ('CREATE TABLE `user` (`id` INTEGER AUTO_INCREMENT NOT NULL PRIMARY KEY, `username` VARCHAR(255) NOT NULL, `twitterId` VARCHAR(255) NOT NULL, `userStatus` VARCHAR(255) NOT NULL, `created` DATETIME NOT NULL, `updated` DATETIME NOT NULL)', [])
2014-07-02 13:12:43,819 - ERROR - (1050, "Table 'user' already exists")
Traceback (most recent call last):
  File "/Library/Frameworks/Python.framework/Versions/3.4/lib/python3.4/site-packages/peewee.py", line 2356, in execute_sql
    cursor.execute(sql, params or ())
  File "/Library/Frameworks/Python.framework/Versions/3.4/lib/python3.4/site-packages/pymysql/cursors.py", line 132, in execute
    result = self._query(query)
  File "/Library/Frameworks/Python.framework/Versions/3.4/lib/python3.4/site-packages/pymysql/cursors.py", line 271, in _query
    conn.query(q)
  File "/Library/Frameworks/Python.framework/Versions/3.4/lib/python3.4/site-packages/pymysql/connections.py", line 726, in query
    self._affected_rows = self._read_query_result(unbuffered=unbuffered)
  File "/Library/Frameworks/Python.framework/Versions/3.4/lib/python3.4/site-packages/pymysql/connections.py", line 861, in _read_query_result
    result.read()
  File "/Library/Frameworks/Python.framework/Versions/3.4/lib/python3.4/site-packages/pymysql/connections.py", line 1064, in read
    first_packet = self.connection._read_packet()
  File "/Library/Frameworks/Python.framework/Versions/3.4/lib/python3.4/site-packages/pymysql/connections.py", line 826, in _read_packet
    packet.check_error()
  File "/Library/Frameworks/Python.framework/Versions/3.4/lib/python3.4/site-packages/pymysql/connections.py", line 370, in check_error
    raise_mysql_exception(self._data)
  File "/Library/Frameworks/Python.framework/Versions/3.4/lib/python3.4/site-packages/pymysql/err.py", line 116, in raise_mysql_exception
    _check_mysql_exception(errinfo)
  File "/Library/Frameworks/Python.framework/Versions/3.4/lib/python3.4/site-packages/pymysql/err.py", line 112, in _check_mysql_exception
    raise InternalError(errno, errorvalue)
pymysql.err.InternalError: (1050, "Table 'user' already exists")

During handling of the above exception, another exception occurred:

Traceback (most recent call last):
  File "/Users/Basti/projects/twitter-recommender-bot/de/uop/twitterbot/CreateTables.py", line 7, in <module>
    MysqlManager.User.create_table()
  File "/Library/Frameworks/Python.framework/Versions/3.4/lib/python3.4/site-packages/peewee.py", line 3024, in create_table
    db.create_table(cls)
  File "/Library/Frameworks/Python.framework/Versions/3.4/lib/python3.4/site-packages/peewee.py", line 2421, in create_table
    return self.execute_sql(*qc.create_table(model_class, safe))
  File "/Library/Frameworks/Python.framework/Versions/3.4/lib/python3.4/site-packages/peewee.py", line 2364, in execute_sql
    self.commit()
  File "/Library/Frameworks/Python.framework/Versions/3.4/lib/python3.4/site-packages/peewee.py", line 2234, in __exit__
    reraise(new_type, new_type(*exc_value.args), traceback)
  File "/Library/Frameworks/Python.framework/Versions/3.4/lib/python3.4/site-packages/peewee.py", line 104, in reraise
    raise value.with_traceback(tb)
  File "/Library/Frameworks/Python.framework/Versions/3.4/lib/python3.4/site-packages/peewee.py", line 2356, in execute_sql
    cursor.execute(sql, params or ())
  File "/Library/Frameworks/Python.framework/Versions/3.4/lib/python3.4/site-packages/pymysql/cursors.py", line 132, in execute
    result = self._query(query)
  File "/Library/Frameworks/Python.framework/Versions/3.4/lib/python3.4/site-packages/pymysql/cursors.py", line 271, in _query
    conn.query(q)
  File "/Library/Frameworks/Python.framework/Versions/3.4/lib/python3.4/site-packages/pymysql/connections.py", line 726, in query
    self._affected_rows = self._read_query_result(unbuffered=unbuffered)
  File "/Library/Frameworks/Python.framework/Versions/3.4/lib/python3.4/site-packages/pymysql/connections.py", line 861, in _read_query_result
    result.read()
  File "/Library/Frameworks/Python.framework/Versions/3.4/lib/python3.4/site-packages/pymysql/connections.py", line 1064, in read
    first_packet = self.connection._read_packet()
  File "/Library/Frameworks/Python.framework/Versions/3.4/lib/python3.4/site-packages/pymysql/connections.py", line 826, in _read_packet
    packet.check_error()
  File "/Library/Frameworks/Python.framework/Versions/3.4/lib/python3.4/site-packages/pymysql/connections.py", line 370, in check_error
    raise_mysql_exception(self._data)
  File "/Library/Frameworks/Python.framework/Versions/3.4/lib/python3.4/site-packages/pymysql/err.py", line 116, in raise_mysql_exception
    _check_mysql_exception(errinfo)
  File "/Library/Frameworks/Python.framework/Versions/3.4/lib/python3.4/site-packages/pymysql/err.py", line 112, in _check_mysql_exception
    raise InternalError(errno, errorvalue)
peewee.InternalError: (1050, "Table 'user' already exists")
